<?xml version="1.0" encoding="UTF-8"?>
<!-- Generated by org.testng.reporters.JUnitReportReporter -->
<testsuite hostname="DESKTOP-0E1EC67" name="junit.testUtils.NewEmptyJUnitTest" tests="1" failures="0" timestamp="13 Jun 2020 10:01:21 GMT" time="0.014" errors="0">
  <testcase name="hello" time="0.014" classname="junit.testUtils.NewEmptyJUnitTest"/>
</testsuite> <!-- junit.testUtils.NewEmptyJUnitTest -->
